node:events:496
      throw er; // Unhandled 'error' event
      ^

Error: EPIPE: broken pipe, write
    at Socket._write (node:internal/net:63:18)
    at writeOrBuffer (node:internal/streams/writable:572:12)
    at _write (node:internal/streams/writable:501:10)
    at Writable.write (node:internal/streams/writable:510:10)
    at Array.logRequest (C:\Users\xtptx\Desktop\isp\prueba2\movilbro-crm\node_modules\morgan\index.js:130:14)
    at listener (C:\Users\xtptx\Desktop\isp\prueba2\movilbro-crm\node_modules\morgan\node_modules\on-finished\index.js:169:15)
    at onFinish (C:\Users\xtptx\Desktop\isp\prueba2\movilbro-crm\node_modules\morgan\node_modules\on-finished\index.js:100:5)
    at callback (C:\Users\xtptx\Desktop\isp\prueba2\movilbro-crm\node_modules\ee-first\index.js:55:10)
    at ServerResponse.onevent (C:\Users\xtptx\Desktop\isp\prueba2\movilbro-crm\node_modules\ee-first\index.js:93:5)
    at ServerResponse.emit (node:events:530:35)
Emitted 'error' event on Socket instance at:
    at emitErrorNT (node:internal/streams/destroy:170:8)
    at emitErrorCloseNT (node:internal/streams/destroy:129:3)
    at process.processTicksAndRejections (node:internal/process/task_queues:90:21) {
  errno: -4047,
  syscall: 'write',
  code: 'EPIPE'
}

Node.js v22.14.0
